09:32:29.828 [AWT-EventQueue-0] INFO  c.b.l.BrowserStackRunExtension - gradle
09:32:29.831 [AWT-EventQueue-0] INFO  com.browserstack.utils.Helpers - null
09:40:32.103 [AWT-EventQueue-0] INFO  c.b.l.BrowserStackRunExtension - gradle
09:40:32.103 [AWT-EventQueue-0] INFO  com.browserstack.utils.Helpers - null
09:41:02.315 [AWT-EventQueue-0] INFO  c.b.l.BrowserStackRunExtension - gradle
09:41:02.315 [AWT-EventQueue-0] INFO  com.browserstack.utils.Helpers - null
09:57:07.746 [AWT-EventQueue-0] INFO  c.b.l.BrowserStackRunExtension - gradle
09:57:07.746 [AWT-EventQueue-0] INFO  com.browserstack.utils.Helpers - null
09:57:35.025 [AWT-EventQueue-0] INFO  c.b.l.BrowserStackRunExtension - gradle
09:57:35.025 [AWT-EventQueue-0] INFO  com.browserstack.utils.Helpers - null
10:00:10.496 [AWT-EventQueue-0] INFO  c.b.l.BrowserStackRunExtension - gradle
10:00:10.497 [AWT-EventQueue-0] INFO  com.browserstack.utils.Helpers - null
10:03:52.457 [AWT-EventQueue-0] INFO  c.b.l.BrowserStackRunExtension - gradle
10:03:52.457 [AWT-EventQueue-0] INFO  com.browserstack.utils.Helpers - null
10:04:23.990 [AWT-EventQueue-0] INFO  c.b.l.BrowserStackRunExtension - gradle
10:04:23.990 [AWT-EventQueue-0] INFO  com.browserstack.utils.Helpers - null
10:37:49.459 [AWT-EventQueue-0] INFO  c.b.l.BrowserStackRunExtension - gradle
10:37:49.459 [AWT-EventQueue-0] INFO  com.browserstack.utils.Helpers - null
10:39:58.522 [AWT-EventQueue-0] INFO  c.b.l.BrowserStackRunExtension - gradle
10:39:58.522 [AWT-EventQueue-0] INFO  com.browserstack.utils.Helpers - null
10:40:31.770 [AWT-EventQueue-0] INFO  c.b.l.BrowserStackRunExtension - gradle
10:40:31.770 [AWT-EventQueue-0] INFO  com.browserstack.utils.Helpers - null
10:49:41.659 [AWT-EventQueue-0] INFO  c.b.l.BrowserStackRunExtension - gradle
10:49:41.659 [AWT-EventQueue-0] INFO  com.browserstack.utils.Helpers - null
10:51:56.381 [AWT-EventQueue-0] INFO  c.b.l.BrowserStackRunExtension - gradle
10:51:56.381 [AWT-EventQueue-0] INFO  com.browserstack.utils.Helpers - null
10:52:55.458 [AWT-EventQueue-0] INFO  c.b.l.BrowserStackRunExtension - gradle
10:52:55.458 [AWT-EventQueue-0] INFO  com.browserstack.utils.Helpers - null
10:54:33.188 [AWT-EventQueue-0] INFO  c.b.l.BrowserStackRunExtension - gradle
10:54:33.188 [AWT-EventQueue-0] INFO  com.browserstack.utils.Helpers - null
11:05:29.986 [AWT-EventQueue-0] INFO  c.b.l.BrowserStackRunExtension - gradle
11:05:29.986 [AWT-EventQueue-0] INFO  com.browserstack.utils.Helpers - null
11:05:31.703 [ApplicationImpl pooled thread 208] INFO  c.b.l.BrowserStackRunExtension - cucumber java
11:05:31.704 [ApplicationImpl pooled thread 208] INFO  com.browserstack.utils.Helpers - null
11:05:31.705 [ApplicationImpl pooled thread 208] INFO  c.b.l.BrowserStackRunExtension - Agent path: null
11:05:35.440 [AWT-EventQueue-0] INFO  c.b.l.BrowserStackRunExtension - gradle
11:05:35.440 [AWT-EventQueue-0] INFO  com.browserstack.utils.Helpers - null
11:05:36.925 [ApplicationImpl pooled thread 203] INFO  c.b.l.BrowserStackRunExtension - cucumber java
11:05:36.925 [ApplicationImpl pooled thread 203] INFO  com.browserstack.utils.Helpers - null
11:05:36.926 [ApplicationImpl pooled thread 203] INFO  c.b.l.BrowserStackRunExtension - Agent path: null
11:18:00.948 [AWT-EventQueue-0] INFO  c.b.l.BrowserStackRunExtension - gradle
11:18:00.948 [AWT-EventQueue-0] INFO  com.browserstack.utils.Helpers - null
11:20:09.325 [AWT-EventQueue-0] INFO  c.b.l.BrowserStackRunExtension - gradle
11:20:09.325 [AWT-EventQueue-0] INFO  com.browserstack.utils.Helpers - null
11:30:22.801 [AWT-EventQueue-0] INFO  c.b.l.BrowserStackRunExtension - gradle
11:30:22.801 [AWT-EventQueue-0] INFO  com.browserstack.utils.Helpers - null
14:12:09.009 [AWT-EventQueue-0] INFO  c.b.l.BrowserStackRunExtension - gradle
14:12:09.010 [AWT-EventQueue-0] INFO  com.browserstack.utils.Helpers - null
21:35:50.900 [AWT-EventQueue-0] INFO  c.b.l.BrowserStackRunExtension - gradle
21:35:50.900 [AWT-EventQueue-0] INFO  com.browserstack.utils.Helpers - null
21:43:31.738 [AWT-EventQueue-0] INFO  c.b.l.BrowserStackRunExtension - gradle
21:43:31.739 [AWT-EventQueue-0] INFO  com.browserstack.utils.Helpers - null
21:43:54.239 [AWT-EventQueue-0] INFO  c.b.l.BrowserStackRunExtension - gradle
21:43:54.239 [AWT-EventQueue-0] INFO  com.browserstack.utils.Helpers - null
10:37:50.016 [AWT-EventQueue-0] INFO  c.b.l.BrowserStackRunExtension - gradle
10:37:50.017 [AWT-EventQueue-0] INFO  com.browserstack.utils.Helpers - null
10:39:23.865 [AWT-EventQueue-0] INFO  c.b.l.BrowserStackRunExtension - gradle
10:39:23.865 [AWT-EventQueue-0] INFO  com.browserstack.utils.Helpers - null
10:47:58.411 [AWT-EventQueue-0] INFO  c.b.l.BrowserStackRunExtension - gradle
10:47:58.412 [AWT-EventQueue-0] INFO  com.browserstack.utils.Helpers - null
11:09:50.165 [AWT-EventQueue-0] INFO  c.b.l.BrowserStackRunExtension - gradle
11:09:50.165 [AWT-EventQueue-0] INFO  com.browserstack.utils.Helpers - null
11:13:18.193 [AWT-EventQueue-0] INFO  c.b.l.BrowserStackRunExtension - gradle
11:13:18.193 [AWT-EventQueue-0] INFO  com.browserstack.utils.Helpers - null
11:13:50.750 [AWT-EventQueue-0] INFO  c.b.l.BrowserStackRunExtension - gradle
11:13:50.750 [AWT-EventQueue-0] INFO  com.browserstack.utils.Helpers - null
11:15:10.504 [AWT-EventQueue-0] INFO  c.b.l.BrowserStackRunExtension - gradle
11:15:10.504 [AWT-EventQueue-0] INFO  com.browserstack.utils.Helpers - null
11:19:42.206 [AWT-EventQueue-0] INFO  c.b.l.BrowserStackRunExtension - gradle
11:19:42.206 [AWT-EventQueue-0] INFO  com.browserstack.utils.Helpers - null
11:22:28.675 [AWT-EventQueue-0] INFO  c.b.l.BrowserStackRunExtension - gradle
11:22:28.675 [AWT-EventQueue-0] INFO  com.browserstack.utils.Helpers - null
16:23:36.890 [AWT-EventQueue-0] INFO  c.b.l.BrowserStackRunExtension - gradle
16:23:36.890 [AWT-EventQueue-0] INFO  com.browserstack.utils.Helpers - null
16:30:48.860 [AWT-EventQueue-0] INFO  c.b.l.BrowserStackRunExtension - gradle
16:30:48.860 [AWT-EventQueue-0] INFO  com.browserstack.utils.Helpers - null
11:50:19.400 [AWT-EventQueue-0] INFO  c.b.l.BrowserStackRunExtension - gradle
11:50:19.402 [AWT-EventQueue-0] INFO  com.browserstack.utils.Helpers - null
11:54:38.861 [AWT-EventQueue-0] INFO  c.b.l.BrowserStackRunExtension - gradle
11:54:38.861 [AWT-EventQueue-0] INFO  com.browserstack.utils.Helpers - null
11:56:35.164 [AWT-EventQueue-0] INFO  c.b.l.BrowserStackRunExtension - gradle
11:56:35.164 [AWT-EventQueue-0] INFO  com.browserstack.utils.Helpers - null
11:56:39.966 [AWT-EventQueue-0] INFO  c.b.l.BrowserStackRunExtension - gradle
11:56:39.966 [AWT-EventQueue-0] INFO  com.browserstack.utils.Helpers - null
11:59:19.256 [AWT-EventQueue-0] INFO  c.b.l.BrowserStackRunExtension - gradle
11:59:19.256 [AWT-EventQueue-0] INFO  com.browserstack.utils.Helpers - null
12:12:31.300 [AWT-EventQueue-0] INFO  c.b.l.BrowserStackRunExtension - gradle
12:12:31.300 [AWT-EventQueue-0] INFO  com.browserstack.utils.Helpers - null
12:15:37.622 [AWT-EventQueue-0] INFO  c.b.l.BrowserStackRunExtension - gradle
12:15:37.622 [AWT-EventQueue-0] INFO  com.browserstack.utils.Helpers - null
12:16:07.091 [AWT-EventQueue-0] INFO  c.b.l.BrowserStackRunExtension - gradle
12:16:07.091 [AWT-EventQueue-0] INFO  com.browserstack.utils.Helpers - null
12:17:24.930 [AWT-EventQueue-0] INFO  c.b.l.BrowserStackRunExtension - gradle
12:17:24.930 [AWT-EventQueue-0] INFO  com.browserstack.utils.Helpers - null
12:21:29.588 [AWT-EventQueue-0] INFO  c.b.l.BrowserStackRunExtension - gradle
12:21:29.588 [AWT-EventQueue-0] INFO  com.browserstack.utils.Helpers - null
12:22:20.804 [AWT-EventQueue-0] INFO  c.b.l.BrowserStackRunExtension - gradle
12:22:20.804 [AWT-EventQueue-0] INFO  com.browserstack.utils.Helpers - null
12:23:17.400 [AWT-EventQueue-0] INFO  c.b.l.BrowserStackRunExtension - gradle
12:23:17.400 [AWT-EventQueue-0] INFO  com.browserstack.utils.Helpers - null
12:24:55.636 [AWT-EventQueue-0] INFO  c.b.l.BrowserStackRunExtension - gradle
12:24:55.636 [AWT-EventQueue-0] INFO  com.browserstack.utils.Helpers - null
13:01:19.017 [AWT-EventQueue-0] INFO  c.b.l.BrowserStackRunExtension - gradle
13:01:19.018 [AWT-EventQueue-0] INFO  com.browserstack.utils.Helpers - null
13:05:26.310 [AWT-EventQueue-0] INFO  c.b.l.BrowserStackRunExtension - gradle
13:05:26.310 [AWT-EventQueue-0] INFO  com.browserstack.utils.Helpers - null
13:09:30.474 [AWT-EventQueue-0] INFO  c.b.l.BrowserStackRunExtension - gradle
13:09:30.474 [AWT-EventQueue-0] INFO  com.browserstack.utils.Helpers - null
13:11:08.215 [AWT-EventQueue-0] INFO  c.b.l.BrowserStackRunExtension - gradle
13:11:08.215 [AWT-EventQueue-0] INFO  com.browserstack.utils.Helpers - null
13:11:49.237 [AWT-EventQueue-0] INFO  c.b.l.BrowserStackRunExtension - gradle
13:11:49.237 [AWT-EventQueue-0] INFO  com.browserstack.utils.Helpers - null
13:12:22.741 [AWT-EventQueue-0] INFO  c.b.l.BrowserStackRunExtension - gradle
13:12:22.741 [AWT-EventQueue-0] INFO  com.browserstack.utils.Helpers - null
13:39:28.852 [AWT-EventQueue-0] INFO  c.b.l.BrowserStackRunExtension - gradle
13:39:28.852 [AWT-EventQueue-0] INFO  com.browserstack.utils.Helpers - null
13:39:42.575 [AWT-EventQueue-0] INFO  c.b.l.BrowserStackRunExtension - gradle
13:39:42.575 [AWT-EventQueue-0] INFO  com.browserstack.utils.Helpers - null
13:41:38.519 [AWT-EventQueue-0] INFO  c.b.l.BrowserStackRunExtension - gradle
13:41:38.519 [AWT-EventQueue-0] INFO  com.browserstack.utils.Helpers - null
08:47:54.781 [AWT-EventQueue-0] INFO  c.b.l.BrowserStackRunExtension - gradle
08:47:54.782 [AWT-EventQueue-0] INFO  com.browserstack.utils.Helpers - null
08:51:42.886 [AWT-EventQueue-0] INFO  c.b.l.BrowserStackRunExtension - gradle
08:51:42.887 [AWT-EventQueue-0] INFO  com.browserstack.utils.Helpers - null
08:52:29.873 [AWT-EventQueue-0] INFO  c.b.l.BrowserStackRunExtension - gradle
08:52:29.873 [AWT-EventQueue-0] INFO  com.browserstack.utils.Helpers - null
08:53:53.161 [AWT-EventQueue-0] INFO  c.b.l.BrowserStackRunExtension - gradle
08:53:53.161 [AWT-EventQueue-0] INFO  com.browserstack.utils.Helpers - null
09:22:20.710 [AWT-EventQueue-0] INFO  c.b.l.BrowserStackRunExtension - gradle
09:22:20.710 [AWT-EventQueue-0] INFO  com.browserstack.utils.Helpers - null
09:24:36.554 [AWT-EventQueue-0] INFO  c.b.l.BrowserStackRunExtension - gradle
09:24:36.555 [AWT-EventQueue-0] INFO  com.browserstack.utils.Helpers - null
09:26:52.049 [AWT-EventQueue-0] INFO  c.b.l.BrowserStackRunExtension - gradle
09:26:52.050 [AWT-EventQueue-0] INFO  com.browserstack.utils.Helpers - null
09:28:25.690 [AWT-EventQueue-0] INFO  c.b.l.BrowserStackRunExtension - gradle
09:28:25.691 [AWT-EventQueue-0] INFO  com.browserstack.utils.Helpers - null
09:29:30.005 [AWT-EventQueue-0] INFO  c.b.l.BrowserStackRunExtension - gradle
09:29:30.005 [AWT-EventQueue-0] INFO  com.browserstack.utils.Helpers - null
09:31:47.654 [AWT-EventQueue-0] INFO  c.b.l.BrowserStackRunExtension - gradle
09:31:47.654 [AWT-EventQueue-0] INFO  com.browserstack.utils.Helpers - null
09:34:41.241 [AWT-EventQueue-0] INFO  c.b.l.BrowserStackRunExtension - gradle
09:34:41.242 [AWT-EventQueue-0] INFO  com.browserstack.utils.Helpers - null
09:38:26.301 [AWT-EventQueue-0] INFO  c.b.l.BrowserStackRunExtension - gradle
09:38:26.301 [AWT-EventQueue-0] INFO  com.browserstack.utils.Helpers - null
09:39:49.740 [AWT-EventQueue-0] INFO  c.b.l.BrowserStackRunExtension - gradle
09:39:49.740 [AWT-EventQueue-0] INFO  com.browserstack.utils.Helpers - null
09:47:38.960 [AWT-EventQueue-0] INFO  c.b.l.BrowserStackRunExtension - gradle
09:47:38.960 [AWT-EventQueue-0] INFO  com.browserstack.utils.Helpers - null
12:58:46.635 [AWT-EventQueue-0] INFO  c.b.l.BrowserStackRunExtension - gradle
12:58:46.635 [AWT-EventQueue-0] INFO  com.browserstack.utils.Helpers - null
12:59:33.406 [AWT-EventQueue-0] INFO  c.b.l.BrowserStackRunExtension - gradle
12:59:33.406 [AWT-EventQueue-0] INFO  com.browserstack.utils.Helpers - null
07:09:51.252 [AWT-EventQueue-0] INFO  c.b.l.BrowserStackRunExtension - gradle
07:09:51.253 [AWT-EventQueue-0] INFO  com.browserstack.utils.Helpers - null
20:04:08.424 [AWT-EventQueue-0] INFO  c.b.l.BrowserStackRunExtension - gradle
20:04:08.431 [AWT-EventQueue-0] INFO  com.browserstack.utils.Helpers - null
20:04:29.287 [AWT-EventQueue-0] INFO  c.b.l.BrowserStackRunExtension - gradle
20:04:29.287 [AWT-EventQueue-0] INFO  com.browserstack.utils.Helpers - null
20:09:44.138 [AWT-EventQueue-0] INFO  c.b.l.BrowserStackRunExtension - gradle
20:09:44.138 [AWT-EventQueue-0] INFO  com.browserstack.utils.Helpers - null
20:10:01.929 [AWT-EventQueue-0] INFO  c.b.l.BrowserStackRunExtension - gradle
20:10:01.929 [AWT-EventQueue-0] INFO  com.browserstack.utils.Helpers - null
20:10:57.147 [AWT-EventQueue-0] INFO  c.b.l.BrowserStackRunExtension - gradle
20:10:57.147 [AWT-EventQueue-0] INFO  com.browserstack.utils.Helpers - null
